<?xml version="1.0" encoding="UTF-8"?>
<testsuite xmlns:xsi="http://www.w3.org/2001/XMLSchema-instance" xsi:noNamespaceSchemaLocation="https://maven.apache.org/surefire/maven-surefire-plugin/xsd/surefire-test-report.xsd" name="jeestudy.calc.CalcBeanTest" time="0.046" tests="2" errors="0" skipped="0" failures="0">
  <properties>
    <property name="gopherProxySet" value="false"/>
    <property name="awt.toolkit" value="sun.lwawt.macosx.LWCToolkit"/>
    <property name="file.encoding.pkg" value="sun.io"/>
    <property name="java.specification.version" value="1.8"/>
    <property name="sun.cpu.isalist" value=""/>
    <property name="sun.jnu.encoding" value="UTF-8"/>
    <property name="java.class.path" value="/Users/hiromitakahashi/oper/jakartaee8/jeesample/jeefirst/target/test-classes:/Users/hiromitakahashi/oper/jakartaee8/jeesample/jeefirst/target/classes:/Users/hiromitakahashi/.m2/repository/jakarta/platform/jakarta.jakartaee-api/8.0.0/jakarta.jakartaee-api-8.0.0.jar:/Users/hiromitakahashi/.m2/repository/org/junit/jupiter/junit-jupiter-api/5.3.2/junit-jupiter-api-5.3.2.jar:/Users/hiromitakahashi/.m2/repository/org/apiguardian/apiguardian-api/1.0.0/apiguardian-api-1.0.0.jar:/Users/hiromitakahashi/.m2/repository/org/opentest4j/opentest4j/1.1.1/opentest4j-1.1.1.jar:/Users/hiromitakahashi/.m2/repository/org/junit/platform/junit-platform-commons/1.3.2/junit-platform-commons-1.3.2.jar:/Users/hiromitakahashi/.m2/repository/org/junit/jupiter/junit-jupiter-engine/5.3.2/junit-jupiter-engine-5.3.2.jar:/Users/hiromitakahashi/.m2/repository/org/junit/platform/junit-platform-engine/1.3.2/junit-platform-engine-1.3.2.jar:/Users/hiromitakahashi/.m2/repository/org/junit/jupiter/junit-jupiter/5.7.0-M1/junit-jupiter-5.7.0-M1.jar:/Users/hiromitakahashi/.m2/repository/org/junit/jupiter/junit-jupiter-params/5.7.0-M1/junit-jupiter-params-5.7.0-M1.jar:/Users/hiromitakahashi/.m2/repository/com/h2database/h2/1.4.200/h2-1.4.200.jar:"/>
    <property name="java.vm.vendor" value="Amazon.com Inc."/>
    <property name="sun.arch.data.model" value="64"/>
    <property name="java.vendor.url" value="https://aws.amazon.com/corretto/"/>
    <property name="user.timezone" value=""/>
    <property name="java.vm.specification.version" value="1.8"/>
    <property name="os.name" value="Mac OS X"/>
    <property name="user.country" value="JP"/>
    <property name="sun.java.launcher" value="SUN_STANDARD"/>
    <property name="sun.boot.library.path" value="/Users/hiromitakahashi/.sdkman/candidates/java/8.0.212-amzn/jre/lib"/>
    <property name="sun.java.command" value="/Users/hiromitakahashi/oper/jakartaee8/jeesample/jeefirst/target/surefire/surefirebooter2409857916486763201.jar /Users/hiromitakahashi/oper/jakartaee8/jeesample/jeefirst/target/surefire 2020-06-23T19-50-21_142-jvmRun1 surefire5212055648739492720tmp surefire_07812491523478775427tmp"/>
    <property name="http.nonProxyHosts" value="local|*.local|169.254/16|*.169.254/16"/>
    <property name="surefire.test.class.path" value="/Users/hiromitakahashi/oper/jakartaee8/jeesample/jeefirst/target/test-classes:/Users/hiromitakahashi/oper/jakartaee8/jeesample/jeefirst/target/classes:/Users/hiromitakahashi/.m2/repository/jakarta/platform/jakarta.jakartaee-api/8.0.0/jakarta.jakartaee-api-8.0.0.jar:/Users/hiromitakahashi/.m2/repository/org/junit/jupiter/junit-jupiter-api/5.3.2/junit-jupiter-api-5.3.2.jar:/Users/hiromitakahashi/.m2/repository/org/apiguardian/apiguardian-api/1.0.0/apiguardian-api-1.0.0.jar:/Users/hiromitakahashi/.m2/repository/org/opentest4j/opentest4j/1.1.1/opentest4j-1.1.1.jar:/Users/hiromitakahashi/.m2/repository/org/junit/platform/junit-platform-commons/1.3.2/junit-platform-commons-1.3.2.jar:/Users/hiromitakahashi/.m2/repository/org/junit/jupiter/junit-jupiter-engine/5.3.2/junit-jupiter-engine-5.3.2.jar:/Users/hiromitakahashi/.m2/repository/org/junit/platform/junit-platform-engine/1.3.2/junit-platform-engine-1.3.2.jar:/Users/hiromitakahashi/.m2/repository/org/junit/jupiter/junit-jupiter/5.7.0-M1/junit-jupiter-5.7.0-M1.jar:/Users/hiromitakahashi/.m2/repository/org/junit/jupiter/junit-jupiter-params/5.7.0-M1/junit-jupiter-params-5.7.0-M1.jar:/Users/hiromitakahashi/.m2/repository/com/h2database/h2/1.4.200/h2-1.4.200.jar:"/>
    <property name="sun.cpu.endian" value="little"/>
    <property name="user.home" value="/Users/hiromitakahashi"/>
    <property name="user.language" value="ja"/>
    <property name="java.specification.vendor" value="Oracle Corporation"/>
    <property name="java.home" value="/Users/hiromitakahashi/.sdkman/candidates/java/8.0.212-amzn/jre"/>
    <property name="basedir" value="/Users/hiromitakahashi/oper/jakartaee8/jeesample/jeefirst"/>
    <property name="file.separator" value="/"/>
    <property name="line.separator" value="&#10;"/>
    <property name="java.vm.specification.vendor" value="Oracle Corporation"/>
    <property name="java.specification.name" value="Java Platform API Specification"/>
    <property name="java.awt.graphicsenv" value="sun.awt.CGraphicsEnvironment"/>
    <property name="surefire.real.class.path" value="/Users/hiromitakahashi/oper/jakartaee8/jeesample/jeefirst/target/surefire/surefirebooter2409857916486763201.jar"/>
    <property name="sun.boot.class.path" value="/Users/hiromitakahashi/.sdkman/candidates/java/8.0.212-amzn/jre/lib/resources.jar:/Users/hiromitakahashi/.sdkman/candidates/java/8.0.212-amzn/jre/lib/rt.jar:/Users/hiromitakahashi/.sdkman/candidates/java/8.0.212-amzn/jre/lib/sunrsasign.jar:/Users/hiromitakahashi/.sdkman/candidates/java/8.0.212-amzn/jre/lib/jsse.jar:/Users/hiromitakahashi/.sdkman/candidates/java/8.0.212-amzn/jre/lib/jce.jar:/Users/hiromitakahashi/.sdkman/candidates/java/8.0.212-amzn/jre/lib/charsets.jar:/Users/hiromitakahashi/.sdkman/candidates/java/8.0.212-amzn/jre/lib/jfr.jar:/Users/hiromitakahashi/.sdkman/candidates/java/8.0.212-amzn/jre/classes"/>
    <property name="sun.management.compiler" value="HotSpot 64-Bit Tiered Compilers"/>
    <property name="ftp.nonProxyHosts" value="local|*.local|169.254/16|*.169.254/16"/>
    <property name="java.runtime.version" value="1.8.0_212-b04"/>
    <property name="user.name" value="hiromitakahashi"/>
    <property name="path.separator" value=":"/>
    <property name="os.version" value="10.15.5"/>
    <property name="java.endorsed.dirs" value="/Users/hiromitakahashi/.sdkman/candidates/java/8.0.212-amzn/jre/lib/endorsed"/>
    <property name="java.runtime.name" value="OpenJDK Runtime Environment"/>
    <property name="file.encoding" value="UTF-8"/>
    <property name="java.vm.name" value="OpenJDK 64-Bit Server VM"/>
    <property name="localRepository" value="/Users/hiromitakahashi/.m2/repository"/>
    <property name="java.vendor.url.bug" value="https://github.com/corretto/corretto-8/issues/"/>
    <property name="java.io.tmpdir" value="/var/folders/1m/v_pnk3kd3hj0558d1z3nsnzh0000gn/T/"/>
    <property name="java.version" value="1.8.0_212"/>
    <property name="user.dir" value="/Users/hiromitakahashi/oper/jakartaee8/jeesample/jeefirst"/>
    <property name="os.arch" value="x86_64"/>
    <property name="java.vm.specification.name" value="Java Virtual Machine Specification"/>
    <property name="java.awt.printerjob" value="sun.lwawt.macosx.CPrinterJob"/>
    <property name="sun.os.patch.level" value="unknown"/>
    <property name="java.library.path" value="/Users/hiromitakahashi/Library/Java/Extensions:/Library/Java/Extensions:/Network/Library/Java/Extensions:/System/Library/Java/Extensions:/usr/lib/java:."/>
    <property name="java.vm.info" value="mixed mode"/>
    <property name="java.vendor" value="Amazon.com Inc."/>
    <property name="java.vm.version" value="25.212-b04"/>
    <property name="java.ext.dirs" value="/Users/hiromitakahashi/Library/Java/Extensions:/Users/hiromitakahashi/.sdkman/candidates/java/8.0.212-amzn/jre/lib/ext:/Library/Java/Extensions:/Network/Library/Java/Extensions:/System/Library/Java/Extensions:/usr/lib/java"/>
    <property name="sun.io.unicode.encoding" value="UnicodeBig"/>
    <property name="java.class.version" value="52.0"/>
    <property name="socksNonProxyHosts" value="local|*.local|169.254/16|*.169.254/16"/>
  </properties>
  <testcase name="add" classname="jeestudy.calc.CalcBeanTest" time="0.031"/>
  <testcase name="getCount" classname="jeestudy.calc.CalcBeanTest" time="0.001"/>
</testsuite>